This file contains any messages produced by compilers while
running configure, to aid debugging if configure makes a mistake.

It was created by curl configure -, which was
generated by GNU Autoconf 2.69.  Invocation command line was

  $ ./configure ac_cv_func_RAND_egd=no --disable-shared --enable-static --disable-ldap --disable-sspi --without-librtmp --disable-ftp --disable-file --disable-dict --disable-telnet --disable-rtsp --disable-pop3 --disable-imap --disable-smtp --disable-gopher --disable-smb --without-libidn --with-ssl=/workspace/openssl

## --------- ##
## Platform. ##
## --------- ##

hostname = debian
uname -m = x86_64
uname -r = 4.9.0-13-amd64
uname -s = Linux
uname -v = #1 SMP Debian 4.9.228-1 (2020-07-05)

/usr/bin/uname -p = unknown
/bin/uname -X     = unknown

/bin/arch              = unknown
/usr/bin/arch -k       = unknown
/usr/convex/getsysinfo = unknown
/usr/bin/hostinfo      = unknown
/bin/machine           = unknown
/usr/bin/oslevel       = unknown
/bin/universe          = unknown

PATH: /opt/android-ndk
PATH: /usr/local/sbin
PATH: /usr/local/bin
PATH: /usr/sbin
PATH: /usr/bin
PATH: /sbin
PATH: /bin


## ----------- ##
## Core tests. ##
## ----------- ##

configure:3077: checking whether to enable maintainer-specific portions of Makefiles
configure:3086: result: no
configure:3110: checking whether make supports nested variables
configure:3127: result: yes
configure:3140: checking whether to enable debug build options
configure:3162: result: no
configure:3166: checking whether to enable compiler optimizer
configure:3187: result: (assumed) yes
configure:3199: checking whether to enable strict compiler warnings
configure:3218: result: no
configure:3222: checking whether to enable compiler warnings as errors
configure:3241: result: no
configure:3245: checking whether to enable curl debug memory tracking
configure:3267: result: no
configure:3284: checking whether to enable hiding of library internal symbols
configure:3305: result: yes
configure:3316: checking whether to enable c-ares for DNS lookups
configure:3338: result: no
configure:3342: checking whether to disable dependency on -lrt
configure:3358: result: (assumed no)
configure:3369: checking whether to enable ECH support
configure:3387: result: no
configure:3418: checking for path separator
configure:3420: result: :
configure:3440: checking for sed
configure:3459: found /bin/sed
configure:3472: result: /bin/sed
configure:3489: checking for grep
configure:3508: found /bin/grep
configure:3521: result: /bin/grep
configure:3537: checking for egrep
configure:3540: result: /bin/grep -E
configure:3640: checking for ar
configure:3659: found /usr/bin/ar
configure:3671: result: /usr/bin/ar
configure:3919: checking for a BSD-compatible install
configure:3987: result: /usr/bin/install -c
configure:4049: checking for gcc
configure:4065: found /usr/bin/gcc
configure:4076: result: gcc
configure:4305: checking for C compiler version
configure:4314: gcc --version >&5
gcc (Debian 6.3.0-18+deb9u1) 6.3.0 20170516
Copyright (C) 2016 Free Software Foundation, Inc.
This is free software; see the source for copying conditions.  There is NO
warranty; not even for MERCHANTABILITY or FITNESS FOR A PARTICULAR PURPOSE.

configure:4325: $? = 0
configure:4314: gcc -v >&5
Using built-in specs.
COLLECT_GCC=gcc
COLLECT_LTO_WRAPPER=/usr/lib/gcc/x86_64-linux-gnu/6/lto-wrapper
Target: x86_64-linux-gnu
Configured with: ../src/configure -v --with-pkgversion='Debian 6.3.0-18+deb9u1' --with-bugurl=file:///usr/share/doc/gcc-6/README.Bugs --enable-languages=c,ada,c++,java,go,d,fortran,objc,obj-c++ --prefix=/usr --program-suffix=-6 --program-prefix=x86_64-linux-gnu- --enable-shared --enable-linker-build-id --libexecdir=/usr/lib --without-included-gettext --enable-threads=posix --libdir=/usr/lib --enable-nls --with-sysroot=/ --enable-clocale=gnu --enable-libstdcxx-debug --enable-libstdcxx-time=yes --with-default-libstdcxx-abi=new --enable-gnu-unique-object --disable-vtable-verify --enable-libmpx --enable-plugin --enable-default-pie --with-system-zlib --disable-browser-plugin --enable-java-awt=gtk --enable-gtk-cairo --with-java-home=/usr/lib/jvm/java-1.5.0-gcj-6-amd64/jre --enable-java-home --with-jvm-root-dir=/usr/lib/jvm/java-1.5.0-gcj-6-amd64 --with-jvm-jar-dir=/usr/lib/jvm-exports/java-1.5.0-gcj-6-amd64 --with-arch-directory=amd64 --with-ecj-jar=/usr/share/java/eclipse-ecj.jar --with-target-system-zlib --enable-objc-gc=auto --enable-multiarch --with-arch-32=i686 --with-abi=m64 --with-multilib-list=m32,m64,mx32 --enable-multilib --with-tune=generic --enable-checking=release --build=x86_64-linux-gnu --host=x86_64-linux-gnu --target=x86_64-linux-gnu
Thread model: posix
gcc version 6.3.0 20170516 (Debian 6.3.0-18+deb9u1) 
configure:4325: $? = 0
configure:4314: gcc -V >&5
gcc: error: unrecognized command line option '-V'
gcc: fatal error: no input files
compilation terminated.
configure:4325: $? = 1
configure:4314: gcc -qversion >&5
gcc: error: unrecognized command line option '-qversion'; did you mean '--version'?
gcc: fatal error: no input files
compilation terminated.
configure:4325: $? = 1
configure:4344: checking whether the C compiler works
configure:4366: gcc    conftest.c  >&5
configure:4370: $? = 0
configure:4418: result: yes
configure:4421: checking for C compiler default output file name
configure:4423: result: a.out
configure:4429: checking for suffix of executables
configure:4436: gcc -o conftest    conftest.c  >&5
configure:4440: $? = 0
configure:4462: result: 
configure:4483: checking whether we are cross compiling
configure:4491: gcc -o conftest    conftest.c  >&5
configure:4495: $? = 0
configure:4502: ./conftest
configure:4506: $? = 0
configure:4521: result: no
configure:4526: checking for suffix of object files
configure:4547: gcc -c   conftest.c >&5
configure:4551: $? = 0
configure:4572: result: o
configure:4576: checking whether we are using the GNU C compiler
configure:4594: gcc -c   conftest.c >&5
configure:4594: $? = 0
configure:4603: result: yes
configure:4612: checking whether gcc accepts -g
configure:4631: gcc -c -g  conftest.c >&5
configure:4631: $? = 0
configure:4670: result: yes
configure:4687: checking for gcc option to accept ISO C89
configure:4749: gcc  -c -g -O2  conftest.c >&5
configure:4749: $? = 0
configure:4762: result: none needed
configure:4787: checking whether gcc understands -c and -o together
configure:4808: gcc -c conftest.c -o conftest2.o
configure:4811: $? = 0
configure:4808: gcc -c conftest.c -o conftest2.o
configure:4811: $? = 0
configure:4823: result: yes
configure:4846: checking how to run the C preprocessor
configure:4877: gcc -E  conftest.c
configure:4877: $? = 0
configure:4891: gcc -E  conftest.c
conftest.c:9:28: fatal error: ac_nonexistent.h: No such file or directory
 #include <ac_nonexistent.h>
                            ^
compilation terminated.
configure:4891: $? = 1
configure: failed program was:
| /* confdefs.h */
| #define PACKAGE_NAME "curl"
| #define PACKAGE_TARNAME "curl"
| #define PACKAGE_VERSION "-"
| #define PACKAGE_STRING "curl -"
| #define PACKAGE_BUGREPORT "a suitable curl mailing list: https://curl.se/mail/"
| #define PACKAGE_URL ""
| /* end confdefs.h.  */
| #include <ac_nonexistent.h>
configure:4916: result: gcc -E
configure:4936: gcc -E  conftest.c
configure:4936: $? = 0
configure:4950: gcc -E  conftest.c
conftest.c:9:28: fatal error: ac_nonexistent.h: No such file or directory
 #include <ac_nonexistent.h>
                            ^
compilation terminated.
configure:4950: $? = 1
configure: failed program was:
| /* confdefs.h */
| #define PACKAGE_NAME "curl"
| #define PACKAGE_TARNAME "curl"
| #define PACKAGE_VERSION "-"
| #define PACKAGE_STRING "curl -"
| #define PACKAGE_BUGREPORT "a suitable curl mailing list: https://curl.se/mail/"
| #define PACKAGE_URL ""
| /* end confdefs.h.  */
| #include <ac_nonexistent.h>
configure:4990: checking for a sed that does not truncate output
configure:5054: result: /bin/sed
configure:5062: checking for code coverage support
configure:5076: result: no
configure:5226: checking whether build environment is sane
configure:5281: result: yes
configure:5424: checking for a thread-safe mkdir -p
configure:5463: result: /bin/mkdir -p
configure:5470: checking for gawk
configure:5486: found /usr/bin/gawk
configure:5497: result: gawk
configure:5508: checking whether make sets $(MAKE)
configure:5530: result: yes
configure:5552: checking whether make supports the include directive
configure:5567: make -f confmf.GNU && cat confinc.out
this is the am__doit target
configure:5570: $? = 0
configure:5589: result: yes (GNU style)
configure:5689: checking dependency style of gcc
configure:5800: result: gcc3
configure:5863: checking curl version
configure:5865: result: 7.74.0
configure:5915: checking build system type
configure:5929: result: x86_64-pc-linux-gnu
configure:5949: checking host system type
configure:5962: result: x86_64-pc-linux-gnu
configure:5994: checking for grep that handles long lines and -e
configure:6052: result: /bin/grep
configure:6057: checking for egrep
configure:6119: result: /bin/grep -E
configure:6126: checking if OS is AIX (to define _ALL_SOURCE)
configure:6146: result: no
configure:6156: checking if _THREAD_SAFE is already defined
configure:6177: gcc -c   conftest.c >&5
conftest.c: In function 'main':
conftest.c:21:7: error: unknown type name 'force'
       force compilation error
       ^~~~~
conftest.c:21:25: error: expected '=', ',', ';', 'asm' or '__attribute__' before 'error'
       force compilation error
                         ^~~~~
configure:6177: $? = 1
configure: failed program was:
| /* confdefs.h */
| #define PACKAGE_NAME "curl"
| #define PACKAGE_TARNAME "curl"
| #define PACKAGE_VERSION "-"
| #define PACKAGE_STRING "curl -"
| #define PACKAGE_BUGREPORT "a suitable curl mailing list: https://curl.se/mail/"
| #define PACKAGE_URL ""
| #define PACKAGE "curl"
| #define VERSION "-"
| #define OS "x86_64-pc-linux-gnu"
| /* end confdefs.h.  */
| 
| 
| 
| int main (void)
| {
| 
| #ifdef _THREAD_SAFE
|       int dummy=1;
| #else
|       force compilation error
| #endif
| 
|  ;
|  return 0;
| }
| 
configure:6185: result: no
configure:6193: checking if _THREAD_SAFE is actually needed
configure:6212: result: no
configure:6217: checking if _THREAD_SAFE is onwards defined
configure:6234: result: no
configure:6241: checking if _REENTRANT is already defined
configure:6262: gcc -c   conftest.c >&5
conftest.c: In function 'main':
conftest.c:21:7: error: unknown type name 'force'
       force compilation error
       ^~~~~
conftest.c:21:25: error: expected '=', ',', ';', 'asm' or '__attribute__' before 'error'
       force compilation error
                         ^~~~~
configure:6262: $? = 1
configure: failed program was:
| /* confdefs.h */
| #define PACKAGE_NAME "curl"
| #define PACKAGE_TARNAME "curl"
| #define PACKAGE_VERSION "-"
| #define PACKAGE_STRING "curl -"
| #define PACKAGE_BUGREPORT "a suitable curl mailing list: https://curl.se/mail/"
| #define PACKAGE_URL ""
| #define PACKAGE "curl"
| #define VERSION "-"
| #define OS "x86_64-pc-linux-gnu"
| /* end confdefs.h.  */
| 
| 
| 
| int main (void)
| {
| 
| #ifdef _REENTRANT
|       int dummy=1;
| #else
|       force compilation error
| #endif
| 
|  ;
|  return 0;
| }
| 
configure:6270: result: no
configure:6278: checking if _REENTRANT is actually needed
configure:6309: gcc -c   conftest.c >&5
configure:6309: $? = 0
configure:6340: gcc -c   conftest.c >&5
configure:6340: $? = 0
configure:6411: gcc -o conftest    conftest.c  >&5
configure:6411: $? = 0
configure:6490: gcc -o conftest    conftest.c  >&5
configure:6490: $? = 0
configure:6569: gcc -o conftest    conftest.c  >&5
configure:6569: $? = 0
configure:6648: gcc -o conftest    conftest.c  >&5
configure:6648: $? = 0
configure:6727: gcc -o conftest    conftest.c  >&5
/tmp/ccBL8oIX.o: In function `main':
conftest.c:(.text+0xa): undefined reference to `inet_ntoa_r'
collect2: error: ld returned 1 exit status
configure:6727: $? = 1
configure: failed program was:
| /* confdefs.h */
| #define PACKAGE_NAME "curl"
| #define PACKAGE_TARNAME "curl"
| #define PACKAGE_VERSION "-"
| #define PACKAGE_STRING "curl -"
| #define PACKAGE_BUGREPORT "a suitable curl mailing list: https://curl.se/mail/"
| #define PACKAGE_URL ""
| #define PACKAGE "curl"
| #define VERSION "-"
| #define OS "x86_64-pc-linux-gnu"
| /* end confdefs.h.  */
| 
| 
| #define inet_ntoa_r innocuous_inet_ntoa_r
| #ifdef __STDC__
| # include <limits.h>
| #else
| # include <assert.h>
| #endif
| #undef inet_ntoa_r
| #ifdef __cplusplus
| extern "C"
| #endif
| char inet_ntoa_r ();
| #if defined __stub_inet_ntoa_r || defined __stub___inet_ntoa_r
| choke me
| #endif
| 
| int main (void)
| {
| return inet_ntoa_r ();
|  ;
|  return 0;
| }
| 
configure:6810: gcc -o conftest    conftest.c  >&5
configure:6810: $? = 0
configure:6889: gcc -o conftest    conftest.c  >&5
configure:6889: $? = 0
configure:6968: gcc -o conftest    conftest.c  >&5
configure:6968: $? = 0
configure:7047: gcc -o conftest    conftest.c  >&5
configure:7047: $? = 0
configure:7103: result: no
configure:7108: checking if _REENTRANT is onwards defined
configure:7125: result: no
configure:7138: checking for special C compiler options needed for large files
configure:7182: result: no
configure:7188: checking for _FILE_OFFSET_BITS value needed for large files
configure:7212: gcc -c   conftest.c >&5
configure:7212: $? = 0
configure:7243: result: no
configure:7373: checking how to print strings
configure:7400: result: printf
configure:7421: checking for a sed that does not truncate output
configure:7485: result: /bin/sed
configure:7503: checking for fgrep
configure:7565: result: /bin/grep -F
configure:7600: checking for ld used by gcc
configure:7667: result: /usr/bin/ld
configure:7674: checking if the linker (/usr/bin/ld) is GNU ld
configure:7689: result: yes
configure:7701: checking for BSD- or MS-compatible name lister (nm)
configure:7755: result: /usr/bin/nm -B
configure:7885: checking the name lister (/usr/bin/nm -B) interface
configure:7892: gcc -c   conftest.c >&5
configure:7895: /usr/bin/nm -B "conftest.o"
configure:7898: output
0000000000000000 B some_variable
configure:7905: result: BSD nm
configure:7908: checking whether ln -s works
configure:7912: result: yes
configure:7920: checking the maximum length of command line arguments
configure:8051: result: 1572864
configure:8099: checking how to convert x86_64-pc-linux-gnu file names to x86_64-pc-linux-gnu format
configure:8139: result: func_convert_file_noop
configure:8146: checking how to convert x86_64-pc-linux-gnu file names to toolchain format
configure:8166: result: func_convert_file_noop
configure:8173: checking for /usr/bin/ld option to reload object files
configure:8180: result: -r
configure:8254: checking for objdump
configure:8270: found /usr/bin/objdump
configure:8281: result: objdump
configure:8310: checking how to recognize dependent libraries
configure:8510: result: pass_all
configure:8595: checking for dlltool
configure:8625: result: no
configure:8652: checking how to associate runtime and link libraries
configure:8679: result: printf %s\n
configure:8803: checking for archiver @FILE support
configure:8819: gcc -c   conftest.c >&5
configure:8819: $? = 0
configure:8822: /usr/bin/ar cr libconftest.a @conftest.lst >&5
configure:8825: $? = 0
configure:8830: /usr/bin/ar cr libconftest.a @conftest.lst >&5
/usr/bin/ar: conftest.o: No such file or directory
configure:8833: $? = 1
configure:8845: result: @
configure:8903: checking for strip
configure:8919: found /usr/bin/strip
configure:8930: result: strip
configure:9002: checking for ranlib
configure:9018: found /usr/bin/ranlib
configure:9029: result: ranlib
configure:9131: checking command to parse /usr/bin/nm -B output from gcc object
configure:9284: gcc -c   conftest.c >&5
configure:9287: $? = 0
configure:9291: /usr/bin/nm -B conftest.o | sed -n -e 's/^.*[	 ]\([ABCDGIRSTW][ABCDGIRSTW]*\)[	 ][	 ]*\([_A-Za-z][_A-Za-z0-9]*\)$/\1 \2 \2/p' | sed '/ __gnu_lto/d' > conftest.nm
configure:9357: gcc -o conftest    conftest.c conftstm.o >&5
configure:9360: $? = 0
configure:9398: result: ok
configure:9445: checking for sysroot
configure:9475: result: no
configure:9482: checking for a working dd
configure:9520: result: /bin/dd
configure:9524: checking how to truncate binary pipes
configure:9539: result: /bin/dd bs=4096 count=1
configure:9675: gcc -c   conftest.c >&5
configure:9678: $? = 0
configure:9867: checking for mt
configure:9883: found /bin/mt
configure:9894: result: mt
configure:9917: checking if mt is a manifest tool
configure:9923: mt '-?'
configure:9931: result: no
configure:10602: checking for ANSI C header files
configure:10621: gcc -c   conftest.c >&5
configure:10621: $? = 0
configure:10694: gcc -o conftest    conftest.c  >&5
configure:10694: $? = 0
configure:10694: ./conftest
configure:10694: $? = 0
configure:10705: result: yes
configure:10718: checking for sys/types.h
configure:10718: gcc -c   conftest.c >&5
configure:10718: $? = 0
configure:10718: result: yes
configure:10718: checking for sys/stat.h
configure:10718: gcc -c   conftest.c >&5
configure:10718: $? = 0
configure:10718: result: yes
configure:10718: checking for stdlib.h
configure:10718: gcc -c   conftest.c >&5
configure:10718: $? = 0
configure:10718: result: yes
configure:10718: checking for string.h
configure:10718: gcc -c   conftest.c >&5
configure:10718: $? = 0
configure:10718: result: yes
configure:10718: checking for memory.h
configure:10718: gcc -c   conftest.c >&5
configure:10718: $? = 0
configure:10718: result: yes
configure:10718: checking for strings.h
configure:10718: gcc -c   conftest.c >&5
configure:10718: $? = 0
configure:10718: result: yes
configure:10718: checking for inttypes.h
configure:10718: gcc -c   conftest.c >&5
configure:10718: $? = 0
configure:10718: result: yes
configure:10718: checking for stdint.h
configure:10718: gcc -c   conftest.c >&5
configure:10718: $? = 0
configure:10718: result: yes
configure:10718: checking for unistd.h
configure:10718: gcc -c   conftest.c >&5
configure:10718: $? = 0
configure:10718: result: yes
configure:10732: checking for dlfcn.h
configure:10732: gcc -c   conftest.c >&5
configure:10732: $? = 0
configure:10732: result: yes
configure:11393: checking for objdir
configure:11408: result: .libs
configure:11672: checking if gcc supports -fno-rtti -fno-exceptions
configure:11690: gcc -c   -fno-rtti -fno-exceptions conftest.c >&5
cc1: warning: command line option '-fno-rtti' is valid for C++/ObjC++ but not for C
configure:11694: $? = 0
configure:11707: result: no
configure:12071: checking for gcc option to produce PIC
configure:12078: result: -fPIC -DPIC
configure:12086: checking if gcc PIC flag -fPIC -DPIC works
configure:12104: gcc -c   -fPIC -DPIC -DPIC conftest.c >&5
configure:12108: $? = 0
configure:12121: result: yes
configure:12150: checking if gcc static flag -static works
configure:12178: result: yes
configure:12193: checking if gcc supports -c -o file.o
configure:12214: gcc -c   -o out/conftest2.o conftest.c >&5
configure:12218: $? = 0
configure:12240: result: yes
configure:12248: checking if gcc supports -c -o file.o
configure:12295: result: yes
configure:12328: checking whether the gcc linker (/usr/bin/ld -m elf_x86_64) supports shared libraries
configure:13589: result: yes
configure:13829: checking dynamic linker characteristics
configure:14409: gcc -o conftest    -Wl,-rpath -Wl,/foo conftest.c  >&5
configure:14409: $? = 0
configure:14658: result: GNU/Linux ld.so
configure:14780: checking how to hardcode library paths into programs
configure:14805: result: immediate
configure:15338: checking whether stripping libraries is possible
configure:15343: result: yes
configure:15378: checking if libtool supports shared libraries
configure:15380: result: yes
configure:15383: checking whether to build shared libraries
configure:15408: result: no
configure:15411: checking whether to build static libraries
configure:15415: result: yes
configure:15486: checking whether to build shared libraries with -version-info
configure:15497: result: yes
configure:15504: checking whether to build shared libraries with -no-undefined
configure:15517: result: no
configure:15524: checking whether to build shared libraries with -mimpure-text
configure:15534: result: no
configure:15561: checking whether to build shared libraries with PIC
configure:15563: result: yes
configure:15565: checking whether to build static libraries with PIC
configure:15567: result: yes
configure:15574: checking whether to build shared libraries only
configure:15582: result: no
configure:15589: checking whether to build static libraries only
configure:15597: result: yes
configure:15687: checking for inline
configure:15703: gcc -c   conftest.c >&5
configure:15703: $? = 0
configure:15711: result: inline
configure:15732: checking if cpp -P is needed
configure:15749: result: yes
configure:15753: checking if cpp -P works
configure:15772: result: yes
configure:15805: checking if compiler is DEC/Compaq/HP C
configure:15829: gcc -E  -P conftest.c
configure:15829: $? = 0
configure:15873: gcc -E  -P conftest.c
configure:15873: $? = 0
configure:15907: result: no
configure:15912: checking if compiler is HP-UX C
configure:15936: gcc -E  -P conftest.c
configure:15936: $? = 0
configure:15969: result: no
configure:15974: checking if compiler is IBM C
configure:15998: gcc -E  -P conftest.c
configure:15998: $? = 0
configure:16039: result: no
configure:16044: checking if compiler is Intel C
configure:16068: gcc -E  -P conftest.c
configure:16068: $? = 0
configure:16163: result: no
configure:16168: checking if compiler is clang
configure:16192: gcc -E  -P conftest.c
configure:16192: $? = 0
configure:16298: result: no
configure:16303: checking if compiler is GNU C
configure:16327: gcc -E  -P conftest.c
configure:16327: $? = 0
configure:16351: result: yes
configure:16393: gcc -E  -P conftest.c
configure:16393: $? = 0
configure:16421: checking if compiler is LCC
configure:16445: gcc -E  -P conftest.c
configure:16445: $? = 0
configure:16478: result: no
configure:16483: checking if compiler is SGI MIPSpro C
configure:16507: gcc -E  -P conftest.c
configure:16507: $? = 0
configure:16551: gcc -E  -P conftest.c
configure:16551: $? = 0
configure:16595: gcc -E  -P conftest.c
configure:16595: $? = 0
configure:16630: result: no
configure:16635: checking if compiler is SGI MIPS C
configure:16659: gcc -E  -P conftest.c
configure:16659: $? = 0
configure:16703: gcc -E  -P conftest.c
configure:16703: $? = 0
configure:16738: result: no
configure:16743: checking if compiler is SunPro C
configure:16767: gcc -E  -P conftest.c
configure:16767: $? = 0
configure:16800: result: no
configure:16805: checking if compiler is Tiny C
configure:16829: gcc -E  -P conftest.c
configure:16829: $? = 0
configure:16862: result: no
configure:16867: checking if compiler is Watcom C
configure:16891: gcc -E  -P conftest.c
configure:16891: $? = 0
configure:16978: result: no
configure:17111: checking if compiler accepts some basic options
configure:17135: gcc -c -Werror-implicit-function-declaration  conftest.c >&5
configure:17135: $? = 0
configure:17165: gcc -o conftest -Werror-implicit-function-declaration   conftest.c  >&5
configure:17165: $? = 0
configure:17211: gcc -o conftest -Werror-implicit-function-declaration   conftest.c  >&5
configure:17211: $? = 0
configure:17211: ./conftest
configure:17211: $? = 0
configure:17230: result: yes
configure:17232: compiler options added: -Werror-implicit-function-declaration 
configure:17299: checking if compiler accepts debug disabling options
configure:17331: gcc -c -Werror-implicit-function-declaration  conftest.c >&5
configure:17331: $? = 0
configure:17361: gcc -o conftest -Werror-implicit-function-declaration   conftest.c  >&5
configure:17361: $? = 0
configure:17407: gcc -o conftest -Werror-implicit-function-declaration   conftest.c  >&5
configure:17407: $? = 0
configure:17407: ./conftest
configure:17407: $? = 0
configure:17426: result: yes
configure:17428: compiler options added: 
configure:17460: checking if compiler optimizer assumed setting might be used
configure:17498: result: yes
configure:17544: checking if compiler accepts optimizer enabling options
configure:17580: gcc -c -Werror-implicit-function-declaration -O2  conftest.c >&5
configure:17580: $? = 0
configure:17610: gcc -o conftest -Werror-implicit-function-declaration -O2   conftest.c  >&5
configure:17610: $? = 0
configure:17656: gcc -o conftest -Werror-implicit-function-declaration -O2   conftest.c  >&5
configure:17656: $? = 0
configure:17656: ./conftest
configure:17656: $? = 0
configure:17675: result: yes
configure:17677: compiler options added: -O2
configure:18970: checking if compiler accepts strict warning options
configure:18994: gcc -c -Werror-implicit-function-declaration -O2 -Wno-system-headers  conftest.c >&5
configure:18994: $? = 0
configure:19024: gcc -o conftest -Werror-implicit-function-declaration -O2 -Wno-system-headers   conftest.c  >&5
configure:19024: $? = 0
configure:19070: gcc -o conftest -Werror-implicit-function-declaration -O2 -Wno-system-headers   conftest.c  >&5
configure:19070: $? = 0
configure:19070: ./conftest
configure:19070: $? = 0
configure:19089: result: yes
configure:19091: compiler options added: -Wno-system-headers 
configure:19132: checking if compiler halts on compilation errors
configure:19149: gcc -c -Werror-implicit-function-declaration -O2 -Wno-system-headers  conftest.c >&5
conftest.c: In function 'main':
conftest.c:30:7: error: unknown type name 'force'
       force compilation error
       ^~~~~
conftest.c:30:25: error: expected '=', ',', ';', 'asm' or '__attribute__' before 'error'
       force compilation error
                         ^~~~~
configure:19149: $? = 1
configure: failed program was:
| /* confdefs.h */
| #define PACKAGE_NAME "curl"
| #define PACKAGE_TARNAME "curl"
| #define PACKAGE_VERSION "-"
| #define PACKAGE_STRING "curl -"
| #define PACKAGE_BUGREPORT "a suitable curl mailing list: https://curl.se/mail/"
| #define PACKAGE_URL ""
| #define PACKAGE "curl"
| #define VERSION "-"
| #define OS "x86_64-pc-linux-gnu"
| #define STDC_HEADERS 1
| #define HAVE_SYS_TYPES_H 1
| #define HAVE_SYS_STAT_H 1
| #define HAVE_STDLIB_H 1
| #define HAVE_STRING_H 1
| #define HAVE_MEMORY_H 1
| #define HAVE_STRINGS_H 1
| #define HAVE_INTTYPES_H 1
| #define HAVE_STDINT_H 1
| #define HAVE_UNISTD_H 1
| #define HAVE_DLFCN_H 1
| #define LT_OBJDIR ".libs/"
| /* end confdefs.h.  */
| 
| 
| 
| int main (void)
| {
| 
|       force compilation error
| 
|  ;
|  return 0;
| }
| 
configure:19157: result: yes
configure:19164: checking if compiler halts on negative sized arrays
configure:19182: gcc -c -Werror-implicit-function-declaration -O2 -Wno-system-headers  conftest.c >&5
conftest.c:26:20: error: size of array 'bad_t' is negative
       typedef char bad_t[sizeof(char) == sizeof(int) ? -1 : -1 ];
                    ^~~~~
configure:19182: $? = 1
configure: failed program was:
| /* confdefs.h */
| #define PACKAGE_NAME "curl"
| #define PACKAGE_TARNAME "curl"
| #define PACKAGE_VERSION "-"
| #define PACKAGE_STRING "curl -"
| #define PACKAGE_BUGREPORT "a suitable curl mailing list: https://curl.se/mail/"
| #define PACKAGE_URL ""
| #define PACKAGE "curl"
| #define VERSION "-"
| #define OS "x86_64-pc-linux-gnu"
| #define STDC_HEADERS 1
| #define HAVE_SYS_TYPES_H 1
| #define HAVE_SYS_STAT_H 1
| #define HAVE_STDLIB_H 1
| #define HAVE_STRING_H 1
| #define HAVE_MEMORY_H 1
| #define HAVE_STRINGS_H 1
| #define HAVE_INTTYPES_H 1
| #define HAVE_STDINT_H 1
| #define HAVE_UNISTD_H 1
| #define HAVE_DLFCN_H 1
| #define LT_OBJDIR ".libs/"
| /* end confdefs.h.  */
| 
| 
|       typedef char bad_t[sizeof(char) == sizeof(int) ? -1 : -1 ];
| 
| int main (void)
| {
| 
|       bad_t dummy;
| 
|  ;
|  return 0;
| }
| 
configure:19190: result: yes
configure:19197: checking if compiler halts on function prototype mismatch
configure:19226: gcc -c -Werror-implicit-function-declaration -O2 -Wno-system-headers  conftest.c >&5
conftest.c:27:11: error: conflicting types for 'rand'
       int rand(int n);
           ^~~~
In file included from conftest.c:26:0:
/usr/include/stdlib.h:335:12: note: previous declaration of 'rand' was here
 extern int rand (void) __THROW;
            ^~~~
conftest.c:28:11: error: conflicting types for 'rand'
       int rand(int n)
           ^~~~
In file included from conftest.c:26:0:
/usr/include/stdlib.h:335:12: note: previous declaration of 'rand' was here
 extern int rand (void) __THROW;
            ^~~~
configure:19226: $? = 1
configure: failed program was:
| /* confdefs.h */
| #define PACKAGE_NAME "curl"
| #define PACKAGE_TARNAME "curl"
| #define PACKAGE_VERSION "-"
| #define PACKAGE_STRING "curl -"
| #define PACKAGE_BUGREPORT "a suitable curl mailing list: https://curl.se/mail/"
| #define PACKAGE_URL ""
| #define PACKAGE "curl"
| #define VERSION "-"
| #define OS "x86_64-pc-linux-gnu"
| #define STDC_HEADERS 1
| #define HAVE_SYS_TYPES_H 1
| #define HAVE_SYS_STAT_H 1
| #define HAVE_STDLIB_H 1
| #define HAVE_STRING_H 1
| #define HAVE_MEMORY_H 1
| #define HAVE_STRINGS_H 1
| #define HAVE_INTTYPES_H 1
| #define HAVE_STDINT_H 1
| #define HAVE_UNISTD_H 1
| #define HAVE_DLFCN_H 1
| #define LT_OBJDIR ".libs/"
| /* end confdefs.h.  */
| 
| 
| #     include <stdlib.h>
|       int rand(int n);
|       int rand(int n)
|       {
|         if(n)
|           return ++n;
|         else
|           return n;
|       }
| 
| int main (void)
| {
| 
|       int i[2]={0,0};
|       int j = rand(i[0]);
|       if(j)
|         return j;
| 
|  ;
|  return 0;
| }
| 
configure:19234: result: yes
configure:19241: checking if compiler supports hiding library internal symbols
configure:19335: gcc -c -Werror-implicit-function-declaration -O2 -Wno-system-headers -fvisibility=hidden  conftest.c >&5
configure:19335: $? = 0
configure:19358: result: yes
configure:19462: checking for windows.h
configure:19492: gcc -c -Werror-implicit-function-declaration -O2 -Wno-system-headers  conftest.c >&5
conftest.c:30:21: fatal error: windows.h: No such file or directory
 #include <windows.h>
                     ^
compilation terminated.
configure:19492: $? = 1
configure: failed program was:
| /* confdefs.h */
| #define PACKAGE_NAME "curl"
| #define PACKAGE_TARNAME "curl"
| #define PACKAGE_VERSION "-"
| #define PACKAGE_STRING "curl -"
| #define PACKAGE_BUGREPORT "a suitable curl mailing list: https://curl.se/mail/"
| #define PACKAGE_URL ""
| #define PACKAGE "curl"
| #define VERSION "-"
| #define OS "x86_64-pc-linux-gnu"
| #define STDC_HEADERS 1
| #define HAVE_SYS_TYPES_H 1
| #define HAVE_SYS_STAT_H 1
| #define HAVE_STDLIB_H 1
| #define HAVE_STRING_H 1
| #define HAVE_MEMORY_H 1
| #define HAVE_STRINGS_H 1
| #define HAVE_INTTYPES_H 1
| #define HAVE_STDINT_H 1
| #define HAVE_UNISTD_H 1
| #define HAVE_DLFCN_H 1
| #define LT_OBJDIR ".libs/"
| /* end confdefs.h.  */
| 
| 
| #undef inline
| #ifndef WIN32_LEAN_AND_MEAN
| #define WIN32_LEAN_AND_MEAN
| #endif
| #include <windows.h>
| 
| int main (void)
| {
| 
| #if defined(__CYGWIN__) || defined(__CEGCC__)
|         HAVE_WINDOWS_H shall not be defined.
| #else
|         int dummy=2*WINVER;
| #endif
| 
|  ;
|  return 0;
| }
| 
configure:19504: result: no
configure:19517: checking whether build target is a native Windows one
configure:19559: result: no
configure:19871: checking whether build target supports WIN32 file API
configure:19952: result: no
configure:19967: checking for good-to-use Mac CFLAGS
configure:19969: result: no
configure:20021: checking to see if the compiler supports __builtin_available()
configure:20039: gcc -c -Werror-implicit-function-declaration -O2 -Wno-system-headers  conftest.c >&5
conftest.c: In function 'main':
conftest.c:31:11: error: implicit declaration of function '__builtin_available' [-Werror=implicit-function-declaration]
       if (__builtin_available(macOS 10.8, iOS 5.0, *)) {}
           ^~~~~~~~~~~~~~~~~~~
conftest.c:31:31: error: 'macOS' undeclared (first use in this function)
       if (__builtin_available(macOS 10.8, iOS 5.0, *)) {}
                               ^~~~~
conftest.c:31:31: note: each undeclared identifier is reported only once for each function it appears in
conftest.c:31:37: error: expected ')' before numeric constant
       if (__builtin_available(macOS 10.8, iOS 5.0, *)) {}
                                     ^~~~
cc1: some warnings being treated as errors
configure:20039: $? = 1
configure: failed program was:
| /* confdefs.h */
| #define PACKAGE_NAME "curl"
| #define PACKAGE_TARNAME "curl"
| #define PACKAGE_VERSION "-"
| #define PACKAGE_STRING "curl -"
| #define PACKAGE_BUGREPORT "a suitable curl mailing list: https://curl.se/mail/"
| #define PACKAGE_URL ""
| #define PACKAGE "curl"
| #define VERSION "-"
| #define OS "x86_64-pc-linux-gnu"
| #define STDC_HEADERS 1
| #define HAVE_SYS_TYPES_H 1
| #define HAVE_SYS_STAT_H 1
| #define HAVE_STDLIB_H 1
| #define HAVE_STRING_H 1
| #define HAVE_MEMORY_H 1
| #define HAVE_STRINGS_H 1
| #define HAVE_INTTYPES_H 1
| #define HAVE_STDINT_H 1
| #define HAVE_UNISTD_H 1
| #define HAVE_DLFCN_H 1
| #define LT_OBJDIR ".libs/"
| /* end confdefs.h.  */
| 
| 
| #include <stdlib.h>
| 
| int main (void)
| {
| 
|       if (__builtin_available(macOS 10.8, iOS 5.0, *)) {}
| 
|  ;
|  return 0;
| }
| 
configure:20051: result: no
configure:20059: checking whether to support http
configure:20091: result: yes
configure:20096: checking whether to support ftp
configure:20102: result: no
configure:20120: checking whether to support file
configure:20126: result: no
configure:20144: checking whether to support ldap
configure:20150: result: no
configure:20170: checking whether to support ldaps
configure:20206: result: no
configure:20226: checking whether to support rtsp
configure:20232: result: no
configure:20262: checking whether to support proxies
configure:20282: result: yes
configure:20288: checking whether to support dict
configure:20294: result: no
configure:20312: checking whether to support telnet
configure:20318: result: no
configure:20336: checking whether to support tftp
configure:20355: result: yes
configure:20361: checking whether to support pop3
configure:20367: result: no
configure:20387: checking whether to support imap
configure:20393: result: no
configure:20413: checking whether to support smb
configure:20419: result: no
configure:20438: checking whether to support smtp
configure:20444: result: no
configure:20463: checking whether to support gopher
configure:20469: result: no
configure:20488: checking whether to support mqtt
configure:20507: result: no
configure:20514: checking whether to provide built-in manual
configure:20529: result: yes
configure:20536: checking whether to enable generation of C code
configure:20554: result: yes
configure:20561: checking whether to use libgcc
configure:20576: result: no
configure:20583: checking if X/Open network library is required
configure:20603: gcc -c -Werror-implicit-function-declaration -O2 -Wno-system-headers  conftest.c >&5
conftest.c: In function 'main':
conftest.c:45:3: error: unknown type name 'force'
   force compilation error
   ^~~~~
conftest.c:45:21: error: expected '=', ',', ';', 'asm' or '__attribute__' before 'error'
   force compilation error
                     ^~~~~
conftest.c:47:1: error: expected declaration or statement at end of input
 }
 ^
configure:20603: $? = 1
configure: failed program was:
| /* confdefs.h */
| #define PACKAGE_NAME "curl"
| #define PACKAGE_TARNAME "curl"
| #define PACKAGE_VERSION "-"
| #define PACKAGE_STRING "curl -"
| #define PACKAGE_BUGREPORT "a suitable curl mailing list: https://curl.se/mail/"
| #define PACKAGE_URL ""
| #define PACKAGE "curl"
| #define VERSION "-"
| #define OS "x86_64-pc-linux-gnu"
| #define STDC_HEADERS 1
| #define HAVE_SYS_TYPES_H 1
| #define HAVE_SYS_STAT_H 1
| #define HAVE_STDLIB_H 1
| #define HAVE_STRING_H 1
| #define HAVE_MEMORY_H 1
| #define HAVE_STRINGS_H 1
| #define HAVE_INTTYPES_H 1
| #define HAVE_STDINT_H 1
| #define HAVE_UNISTD_H 1
| #define HAVE_DLFCN_H 1
| #define LT_OBJDIR ".libs/"
| #define CURL_DISABLE_FTP 1
| #define CURL_DISABLE_FILE 1
| #define CURL_DISABLE_LDAP 1
| #define CURL_DISABLE_LDAPS 1
| #define CURL_DISABLE_RTSP 1
| #define CURL_DISABLE_DICT 1
| #define CURL_DISABLE_TELNET 1
| #define CURL_DISABLE_POP3 1
| #define CURL_DISABLE_IMAP 1
| #define CURL_DISABLE_SMB 1
| #define CURL_DISABLE_SMTP 1
| #define CURL_DISABLE_GOPHER 1
| /* end confdefs.h.  */
| 
| 
| int main (void)
| {
| #if defined(__hpux) && defined(_XOPEN_SOURCE) && (_XOPEN_SOURCE >= 600)
|   return 0;
| #elif defined(__hpux) && defined(_XOPEN_SOURCE_EXTENDED)
|   return 0;
| #else
|   force compilation error
| #endif
| }
| 
| 
configure:20610: result: no
configure:20614: checking for gethostbyname
configure:20614: gcc -o conftest -Werror-implicit-function-declaration -O2 -Wno-system-headers   conftest.c  >&5
configure:20614: $? = 0
configure:20614: result: yes
configure:21083: checking for windows.h
configure:21125: result: no
configure:21138: checking for winsock.h
configure:21181: result: no
configure:21194: checking for winsock2.h
configure:21237: result: no
configure:21260: checking for proto/bsdsocket.h
configure:21260: gcc -c -Werror-implicit-function-declaration -O2 -Wno-system-headers  conftest.c >&5
conftest.c:43:29: fatal error: proto/bsdsocket.h: No such file or directory
 #include <proto/bsdsocket.h>
                             ^
compilation terminated.
configure:21260: $? = 1
configure: failed program was:
| /* confdefs.h */
| #define PACKAGE_NAME "curl"
| #define PACKAGE_TARNAME "curl"
| #define PACKAGE_VERSION "-"
| #define PACKAGE_STRING "curl -"
| #define PACKAGE_BUGREPORT "a suitable curl mailing list: https://curl.se/mail/"
| #define PACKAGE_URL ""
| #define PACKAGE "curl"
| #define VERSION "-"
| #define OS "x86_64-pc-linux-gnu"
| #define STDC_HEADERS 1
| #define HAVE_SYS_TYPES_H 1
| #define HAVE_SYS_STAT_H 1
| #define HAVE_STDLIB_H 1
| #define HAVE_STRING_H 1
| #define HAVE_MEMORY_H 1
| #define HAVE_STRINGS_H 1
| #define HAVE_INTTYPES_H 1
| #define HAVE_STDINT_H 1
| #define HAVE_UNISTD_H 1
| #define HAVE_DLFCN_H 1
| #define LT_OBJDIR ".libs/"
| #define CURL_DISABLE_FTP 1
| #define CURL_DISABLE_FILE 1
| #define CURL_DISABLE_LDAP 1
| #define CURL_DISABLE_LDAPS 1
| #define CURL_DISABLE_RTSP 1
| #define CURL_DISABLE_DICT 1
| #define CURL_DISABLE_TELNET 1
| #define CURL_DISABLE_POP3 1
| #define CURL_DISABLE_IMAP 1
| #define CURL_DISABLE_SMB 1
| #define CURL_DISABLE_SMTP 1
| #define CURL_DISABLE_GOPHER 1
| /* end confdefs.h.  */
|       /* includes start */
| #ifdef HAVE_PROTO_BSDSOCKET_H
| #  include <proto/bsdsocket.h>
|   struct Library *SocketBase = NULL;
| #endif
| /* includes end */
| 
| #include <proto/bsdsocket.h>
configure:21260: result: no
configure:21273: checking for connect in libraries
configure:21301: gcc -o conftest -Werror-implicit-function-declaration -O2 -Wno-system-headers   conftest.c   >&5
configure:21301: $? = 0
configure:21319: result: yes
configure:21332: checking whether time.h and sys/time.h may both be included
configure:21351: gcc -c -Werror-implicit-function-declaration -O2 -Wno-system-headers  conftest.c >&5
configure:21351: $? = 0
configure:21358: result: yes
configure:21370: checking for sys/types.h
configure:21370: result: yes
configure:21370: checking sys/time.h usability
configure:21370: gcc -c -Werror-implicit-function-declaration -O2 -Wno-system-headers  conftest.c >&5
configure:21370: $? = 0
configure:21370: result: yes
configure:21370: checking sys/time.h presence
configure:21370: gcc -E  conftest.c
configure:21370: $? = 0
configure:21370: result: yes
configure:21370: checking for sys/time.h
configure:21370: result: yes
configure:21370: checking time.h usability
configure:21370: gcc -c -Werror-implicit-function-declaration -O2 -Wno-system-headers  conftest.c >&5
configure:21370: $? = 0
configure:21370: result: yes
configure:21370: checking time.h presence
configure:21370: gcc -E  conftest.c
configure:21370: $? = 0
configure:21370: result: yes
configure:21370: checking for time.h
configure:21370: result: yes
configure:21380: checking for monotonic clock_gettime
configure:21413: gcc -c -Werror-implicit-function-declaration -O2 -Wno-system-headers  conftest.c >&5
configure:21413: $? = 0
configure:21415: result: yes
configure:21433: checking for clock_gettime in libraries
configure:21475: gcc -o conftest -Werror-implicit-function-declaration -O2 -Wno-system-headers   conftest.c  >&5
configure:21475: $? = 0
configure:21496: result: no additional lib required
configure:21514: checking if monotonic clock_gettime works
configure:21561: gcc -o conftest -Werror-implicit-function-declaration -O2 -Wno-system-headers   conftest.c  >&5
configure:21561: $? = 0
configure:21561: ./conftest
configure:21561: $? = 0
configure:21562: result: yes
configure:21671: checking for pkg-config
configure:21690: found /usr/bin/pkg-config
configure:21702: result: /usr/bin/pkg-config
configure:21727: checking for zlib options with pkg-config
configure:21741: result: found
configure:21806: checking zlib.h usability
configure:21806: gcc -c -Werror-implicit-function-declaration -O2 -Wno-system-headers    conftest.c >&5
configure:21806: $? = 0
configure:21806: result: yes
configure:21806: checking zlib.h presence
configure:21806: gcc -E    conftest.c
configure:21806: $? = 0
configure:21806: result: yes
configure:21806: checking for zlib.h
configure:21806: result: yes
configure:21894: found both libz and libz.h header
configure:22081: checking for BrotliDecoderDecompress in -lbrotlidec
configure:22103: gcc -o conftest -Werror-implicit-function-declaration -O2 -Wno-system-headers         conftest.c -lbrotlidec   -lz  >&5
/usr/bin/ld: cannot find -lbrotlidec
collect2: error: ld returned 1 exit status
configure:22103: $? = 1
configure: failed program was:
| /* confdefs.h */
| #define PACKAGE_NAME "curl"
| #define PACKAGE_TARNAME "curl"
| #define PACKAGE_VERSION "-"
| #define PACKAGE_STRING "curl -"
| #define PACKAGE_BUGREPORT "a suitable curl mailing list: https://curl.se/mail/"
| #define PACKAGE_URL ""
| #define PACKAGE "curl"
| #define VERSION "-"
| #define OS "x86_64-pc-linux-gnu"
| #define STDC_HEADERS 1
| #define HAVE_SYS_TYPES_H 1
| #define HAVE_SYS_STAT_H 1
| #define HAVE_STDLIB_H 1
| #define HAVE_STRING_H 1
| #define HAVE_MEMORY_H 1
| #define HAVE_STRINGS_H 1
| #define HAVE_INTTYPES_H 1
| #define HAVE_STDINT_H 1
| #define HAVE_UNISTD_H 1
| #define HAVE_DLFCN_H 1
| #define LT_OBJDIR ".libs/"
| #define CURL_DISABLE_FTP 1
| #define CURL_DISABLE_FILE 1
| #define CURL_DISABLE_LDAP 1
| #define CURL_DISABLE_LDAPS 1
| #define CURL_DISABLE_RTSP 1
| #define CURL_DISABLE_DICT 1
| #define CURL_DISABLE_TELNET 1
| #define CURL_DISABLE_POP3 1
| #define CURL_DISABLE_IMAP 1
| #define CURL_DISABLE_SMB 1
| #define CURL_DISABLE_SMTP 1
| #define CURL_DISABLE_GOPHER 1
| #define TIME_WITH_SYS_TIME 1
| #define HAVE_SYS_TYPES_H 1
| #define HAVE_SYS_TIME_H 1
| #define HAVE_TIME_H 1
| #define HAVE_CLOCK_GETTIME_MONOTONIC 1
| #define HAVE_ZLIB_H 1
| #define HAVE_LIBZ 1
| /* end confdefs.h.  */
| 
| 
| #ifdef __cplusplus
| extern "C"
| #endif
| char BrotliDecoderDecompress ();
| int main (void)
| {
| return BrotliDecoderDecompress ();
|  ;
|  return 0;
| }
configure:22112: result: no
configure:22126: checking brotli/decode.h usability
configure:22126: gcc -c -Werror-implicit-function-declaration -O2 -Wno-system-headers     conftest.c >&5
conftest.c:76:27: fatal error: brotli/decode.h: No such file or directory
 #include <brotli/decode.h>
                           ^
compilation terminated.
configure:22126: $? = 1
configure: failed program was:
| /* confdefs.h */
| #define PACKAGE_NAME "curl"
| #define PACKAGE_TARNAME "curl"
| #define PACKAGE_VERSION "-"
| #define PACKAGE_STRING "curl -"
| #define PACKAGE_BUGREPORT "a suitable curl mailing list: https://curl.se/mail/"
| #define PACKAGE_URL ""
| #define PACKAGE "curl"
| #define VERSION "-"
| #define OS "x86_64-pc-linux-gnu"
| #define STDC_HEADERS 1
| #define HAVE_SYS_TYPES_H 1
| #define HAVE_SYS_STAT_H 1
| #define HAVE_STDLIB_H 1
| #define HAVE_STRING_H 1
| #define HAVE_MEMORY_H 1
| #define HAVE_STRINGS_H 1
| #define HAVE_INTTYPES_H 1
| #define HAVE_STDINT_H 1
| #define HAVE_UNISTD_H 1
| #define HAVE_DLFCN_H 1
| #define LT_OBJDIR ".libs/"
| #define CURL_DISABLE_FTP 1
| #define CURL_DISABLE_FILE 1
| #define CURL_DISABLE_LDAP 1
| #define CURL_DISABLE_LDAPS 1
| #define CURL_DISABLE_RTSP 1
| #define CURL_DISABLE_DICT 1
| #define CURL_DISABLE_TELNET 1
| #define CURL_DISABLE_POP3 1
| #define CURL_DISABLE_IMAP 1
| #define CURL_DISABLE_SMB 1
| #define CURL_DISABLE_SMTP 1
| #define CURL_DISABLE_GOPHER 1
| #define TIME_WITH_SYS_TIME 1
| #define HAVE_SYS_TYPES_H 1
| #define HAVE_SYS_TIME_H 1
| #define HAVE_TIME_H 1
| #define HAVE_CLOCK_GETTIME_MONOTONIC 1
| #define HAVE_ZLIB_H 1
| #define HAVE_LIBZ 1
| /* end confdefs.h.  */
| #include <stdio.h>
| #ifdef HAVE_SYS_TYPES_H
| # include <sys/types.h>
| #endif
| #ifdef HAVE_SYS_STAT_H
| # include <sys/stat.h>
| #endif
| #ifdef STDC_HEADERS
| # include <stdlib.h>
| # include <stddef.h>
| #else
| # ifdef HAVE_STDLIB_H
| #  include <stdlib.h>
| # endif
| #endif
| #ifdef HAVE_STRING_H
| # if !defined STDC_HEADERS && defined HAVE_MEMORY_H
| #  include <memory.h>
| # endif
| # include <string.h>
| #endif
| #ifdef HAVE_STRINGS_H
| # include <strings.h>
| #endif
| #ifdef HAVE_INTTYPES_H
| # include <inttypes.h>
| #endif
| #ifdef HAVE_STDINT_H
| # include <stdint.h>
| #endif
| #ifdef HAVE_UNISTD_H
| # include <unistd.h>
| #endif
| #include <brotli/decode.h>
configure:22126: result: no
configure:22126: checking brotli/decode.h presence
configure:22126: gcc -E     conftest.c
conftest.c:43:27: fatal error: brotli/decode.h: No such file or directory
 #include <brotli/decode.h>
                           ^
compilation terminated.
configure:22126: $? = 1
configure: failed program was:
| /* confdefs.h */
| #define PACKAGE_NAME "curl"
| #define PACKAGE_TARNAME "curl"
| #define PACKAGE_VERSION "-"
| #define PACKAGE_STRING "curl -"
| #define PACKAGE_BUGREPORT "a suitable curl mailing list: https://curl.se/mail/"
| #define PACKAGE_URL ""
| #define PACKAGE "curl"
| #define VERSION "-"
| #define OS "x86_64-pc-linux-gnu"
| #define STDC_HEADERS 1
| #define HAVE_SYS_TYPES_H 1
| #define HAVE_SYS_STAT_H 1
| #define HAVE_STDLIB_H 1
| #define HAVE_STRING_H 1
| #define HAVE_MEMORY_H 1
| #define HAVE_STRINGS_H 1
| #define HAVE_INTTYPES_H 1
| #define HAVE_STDINT_H 1
| #define HAVE_UNISTD_H 1
| #define HAVE_DLFCN_H 1
| #define LT_OBJDIR ".libs/"
| #define CURL_DISABLE_FTP 1
| #define CURL_DISABLE_FILE 1
| #define CURL_DISABLE_LDAP 1
| #define CURL_DISABLE_LDAPS 1
| #define CURL_DISABLE_RTSP 1
| #define CURL_DISABLE_DICT 1
| #define CURL_DISABLE_TELNET 1
| #define CURL_DISABLE_POP3 1
| #define CURL_DISABLE_IMAP 1
| #define CURL_DISABLE_SMB 1
| #define CURL_DISABLE_SMTP 1
| #define CURL_DISABLE_GOPHER 1
| #define TIME_WITH_SYS_TIME 1
| #define HAVE_SYS_TYPES_H 1
| #define HAVE_SYS_TIME_H 1
| #define HAVE_TIME_H 1
| #define HAVE_CLOCK_GETTIME_MONOTONIC 1
| #define HAVE_ZLIB_H 1
| #define HAVE_LIBZ 1
| /* end confdefs.h.  */
| #include <brotli/decode.h>
configure:22126: result: no
configure:22126: checking for brotli/decode.h
configure:22126: result: no
configure:22336: checking for ZSTD_createDStream in -lzstd
configure:22358: gcc -o conftest -Werror-implicit-function-declaration -O2 -Wno-system-headers         conftest.c -lzstd   -lz  >&5
/usr/bin/ld: cannot find -lzstd
collect2: error: ld returned 1 exit status
configure:22358: $? = 1
configure: failed program was:
| /* confdefs.h */
| #define PACKAGE_NAME "curl"
| #define PACKAGE_TARNAME "curl"
| #define PACKAGE_VERSION "-"
| #define PACKAGE_STRING "curl -"
| #define PACKAGE_BUGREPORT "a suitable curl mailing list: https://curl.se/mail/"
| #define PACKAGE_URL ""
| #define PACKAGE "curl"
| #define VERSION "-"
| #define OS "x86_64-pc-linux-gnu"
| #define STDC_HEADERS 1
| #define HAVE_SYS_TYPES_H 1
| #define HAVE_SYS_STAT_H 1
| #define HAVE_STDLIB_H 1
| #define HAVE_STRING_H 1
| #define HAVE_MEMORY_H 1
| #define HAVE_STRINGS_H 1
| #define HAVE_INTTYPES_H 1
| #define HAVE_STDINT_H 1
| #define HAVE_UNISTD_H 1
| #define HAVE_DLFCN_H 1
| #define LT_OBJDIR ".libs/"
| #define CURL_DISABLE_FTP 1
| #define CURL_DISABLE_FILE 1
| #define CURL_DISABLE_LDAP 1
| #define CURL_DISABLE_LDAPS 1
| #define CURL_DISABLE_RTSP 1
| #define CURL_DISABLE_DICT 1
| #define CURL_DISABLE_TELNET 1
| #define CURL_DISABLE_POP3 1
| #define CURL_DISABLE_IMAP 1
| #define CURL_DISABLE_SMB 1
| #define CURL_DISABLE_SMTP 1
| #define CURL_DISABLE_GOPHER 1
| #define TIME_WITH_SYS_TIME 1
| #define HAVE_SYS_TYPES_H 1
| #define HAVE_SYS_TIME_H 1
| #define HAVE_TIME_H 1
| #define HAVE_CLOCK_GETTIME_MONOTONIC 1
| #define HAVE_ZLIB_H 1
| #define HAVE_LIBZ 1
| /* end confdefs.h.  */
| 
| 
| #ifdef __cplusplus
| extern "C"
| #endif
| char ZSTD_createDStream ();
| int main (void)
| {
| return ZSTD_createDStream ();
|  ;
|  return 0;
| }
configure:22367: result: no
configure:22381: checking zstd.h usability
configure:22381: gcc -c -Werror-implicit-function-declaration -O2 -Wno-system-headers     conftest.c >&5
conftest.c:76:18: fatal error: zstd.h: No such file or directory
 #include <zstd.h>
                  ^
compilation terminated.
configure:22381: $? = 1
configure: failed program was:
| /* confdefs.h */
| #define PACKAGE_NAME "curl"
| #define PACKAGE_TARNAME "curl"
| #define PACKAGE_VERSION "-"
| #define PACKAGE_STRING "curl -"
| #define PACKAGE_BUGREPORT "a suitable curl mailing list: https://curl.se/mail/"
| #define PACKAGE_URL ""
| #define PACKAGE "curl"
| #define VERSION "-"
| #define OS "x86_64-pc-linux-gnu"
| #define STDC_HEADERS 1
| #define HAVE_SYS_TYPES_H 1
| #define HAVE_SYS_STAT_H 1
| #define HAVE_STDLIB_H 1
| #define HAVE_STRING_H 1
| #define HAVE_MEMORY_H 1
| #define HAVE_STRINGS_H 1
| #define HAVE_INTTYPES_H 1
| #define HAVE_STDINT_H 1
| #define HAVE_UNISTD_H 1
| #define HAVE_DLFCN_H 1
| #define LT_OBJDIR ".libs/"
| #define CURL_DISABLE_FTP 1
| #define CURL_DISABLE_FILE 1
| #define CURL_DISABLE_LDAP 1
| #define CURL_DISABLE_LDAPS 1
| #define CURL_DISABLE_RTSP 1
| #define CURL_DISABLE_DICT 1
| #define CURL_DISABLE_TELNET 1
| #define CURL_DISABLE_POP3 1
| #define CURL_DISABLE_IMAP 1
| #define CURL_DISABLE_SMB 1
| #define CURL_DISABLE_SMTP 1
| #define CURL_DISABLE_GOPHER 1
| #define TIME_WITH_SYS_TIME 1
| #define HAVE_SYS_TYPES_H 1
| #define HAVE_SYS_TIME_H 1
| #define HAVE_TIME_H 1
| #define HAVE_CLOCK_GETTIME_MONOTONIC 1
| #define HAVE_ZLIB_H 1
| #define HAVE_LIBZ 1
| /* end confdefs.h.  */
| #include <stdio.h>
| #ifdef HAVE_SYS_TYPES_H
| # include <sys/types.h>
| #endif
| #ifdef HAVE_SYS_STAT_H
| # include <sys/stat.h>
| #endif
| #ifdef STDC_HEADERS
| # include <stdlib.h>
| # include <stddef.h>
| #else
| # ifdef HAVE_STDLIB_H
| #  include <stdlib.h>
| # endif
| #endif
| #ifdef HAVE_STRING_H
| # if !defined STDC_HEADERS && defined HAVE_MEMORY_H
| #  include <memory.h>
| # endif
| # include <string.h>
| #endif
| #ifdef HAVE_STRINGS_H
| # include <strings.h>
| #endif
| #ifdef HAVE_INTTYPES_H
| # include <inttypes.h>
| #endif
| #ifdef HAVE_STDINT_H
| # include <stdint.h>
| #endif
| #ifdef HAVE_UNISTD_H
| # include <unistd.h>
| #endif
| #include <zstd.h>
configure:22381: result: no
configure:22381: checking zstd.h presence
configure:22381: gcc -E     conftest.c
conftest.c:43:18: fatal error: zstd.h: No such file or directory
 #include <zstd.h>
                  ^
compilation terminated.
configure:22381: $? = 1
configure: failed program was:
| /* confdefs.h */
| #define PACKAGE_NAME "curl"
| #define PACKAGE_TARNAME "curl"
| #define PACKAGE_VERSION "-"
| #define PACKAGE_STRING "curl -"
| #define PACKAGE_BUGREPORT "a suitable curl mailing list: https://curl.se/mail/"
| #define PACKAGE_URL ""
| #define PACKAGE "curl"
| #define VERSION "-"
| #define OS "x86_64-pc-linux-gnu"
| #define STDC_HEADERS 1
| #define HAVE_SYS_TYPES_H 1
| #define HAVE_SYS_STAT_H 1
| #define HAVE_STDLIB_H 1
| #define HAVE_STRING_H 1
| #define HAVE_MEMORY_H 1
| #define HAVE_STRINGS_H 1
| #define HAVE_INTTYPES_H 1
| #define HAVE_STDINT_H 1
| #define HAVE_UNISTD_H 1
| #define HAVE_DLFCN_H 1
| #define LT_OBJDIR ".libs/"
| #define CURL_DISABLE_FTP 1
| #define CURL_DISABLE_FILE 1
| #define CURL_DISABLE_LDAP 1
| #define CURL_DISABLE_LDAPS 1
| #define CURL_DISABLE_RTSP 1
| #define CURL_DISABLE_DICT 1
| #define CURL_DISABLE_TELNET 1
| #define CURL_DISABLE_POP3 1
| #define CURL_DISABLE_IMAP 1
| #define CURL_DISABLE_SMB 1
| #define CURL_DISABLE_SMTP 1
| #define CURL_DISABLE_GOPHER 1
| #define TIME_WITH_SYS_TIME 1
| #define HAVE_SYS_TYPES_H 1
| #define HAVE_SYS_TIME_H 1
| #define HAVE_TIME_H 1
| #define HAVE_CLOCK_GETTIME_MONOTONIC 1
| #define HAVE_ZLIB_H 1
| #define HAVE_LIBZ 1
| /* end confdefs.h.  */
| #include <zstd.h>
configure:22381: result: no
configure:22381: checking for zstd.h
configure:22381: result: no
configure:23050: checking whether to enable IPv6
configure:23098: gcc -o conftest -Werror-implicit-function-declaration -O2 -Wno-system-headers       conftest.c -lz  >&5
conftest.c:56:1: warning: return type defaults to 'int' [-Wimplicit-int]
 main()
 ^~~~
configure:23098: $? = 0
configure:23098: ./conftest
configure:23098: $? = 0
configure:23099: result: yes
configure:23122: checking if struct sockaddr_in6 has sin6_scope_id member
configure:23144: gcc -c -Werror-implicit-function-declaration -O2 -Wno-system-headers    conftest.c >&5
configure:23144: $? = 0
configure:23149: result: yes
configure:23161: checking if argv can be written to
configure:23182: gcc -o conftest -Werror-implicit-function-declaration -O2 -Wno-system-headers       conftest.c -lz  >&5
configure:23182: $? = 0
configure:23182: ./conftest
configure:23182: $? = 0
configure:23200: result: yes
configure:23254: checking if GSS-API support is requested
configure:23385: result: no
configure:23497: checking whether to enable Windows native SSL/TLS (Windows native builds only)
configure:23522: result: no
configure:23546: checking whether to enable Secure Transport
configure:23563: result: no
configure:23580: checking whether to enable Amiga native SSL/TLS (AmiSSL)
configure:23608: result: no
configure:23861: checking for HMAC_Update in -lcrypto
configure:23883: gcc -o conftest -Werror-implicit-function-declaration -O2 -Wno-system-headers    -I/workspace/openssl/include -I/workspace/openssl/include/openssl    -L/workspace/openssl/lib conftest.c -lcrypto  -lz  >&5
/usr/bin/ld: cannot find -lcrypto
collect2: error: ld returned 1 exit status
configure:23883: $? = 1
configure: failed program was:
| /* confdefs.h */
| #define PACKAGE_NAME "curl"
| #define PACKAGE_TARNAME "curl"
| #define PACKAGE_VERSION "-"
| #define PACKAGE_STRING "curl -"
| #define PACKAGE_BUGREPORT "a suitable curl mailing list: https://curl.se/mail/"
| #define PACKAGE_URL ""
| #define PACKAGE "curl"
| #define VERSION "-"
| #define OS "x86_64-pc-linux-gnu"
| #define STDC_HEADERS 1
| #define HAVE_SYS_TYPES_H 1
| #define HAVE_SYS_STAT_H 1
| #define HAVE_STDLIB_H 1
| #define HAVE_STRING_H 1
| #define HAVE_MEMORY_H 1
| #define HAVE_STRINGS_H 1
| #define HAVE_INTTYPES_H 1
| #define HAVE_STDINT_H 1
| #define HAVE_UNISTD_H 1
| #define HAVE_DLFCN_H 1
| #define LT_OBJDIR ".libs/"
| #define CURL_DISABLE_FTP 1
| #define CURL_DISABLE_FILE 1
| #define CURL_DISABLE_LDAP 1
| #define CURL_DISABLE_LDAPS 1
| #define CURL_DISABLE_RTSP 1
| #define CURL_DISABLE_DICT 1
| #define CURL_DISABLE_TELNET 1
| #define CURL_DISABLE_POP3 1
| #define CURL_DISABLE_IMAP 1
| #define CURL_DISABLE_SMB 1
| #define CURL_DISABLE_SMTP 1
| #define CURL_DISABLE_GOPHER 1
| #define TIME_WITH_SYS_TIME 1
| #define HAVE_SYS_TYPES_H 1
| #define HAVE_SYS_TIME_H 1
| #define HAVE_TIME_H 1
| #define HAVE_CLOCK_GETTIME_MONOTONIC 1
| #define HAVE_ZLIB_H 1
| #define HAVE_LIBZ 1
| #define ENABLE_IPV6 1
| #define HAVE_SOCKADDR_IN6_SIN6_SCOPE_ID 1
| #define HAVE_WRITABLE_ARGV 1
| /* end confdefs.h.  */
| 
| 
| #ifdef __cplusplus
| extern "C"
| #endif
| char HMAC_Update ();
| int main (void)
| {
| return HMAC_Update ();
|  ;
|  return 0;
| }
configure:23892: result: no
configure:23908: checking for HMAC_Init_ex in -lcrypto
configure:23930: gcc -o conftest -Werror-implicit-function-declaration -O2 -Wno-system-headers    -I/workspace/openssl/include -I/workspace/openssl/include/openssl    -L/workspace/openssl/lib conftest.c -lcrypto  -lz  >&5
/usr/bin/ld: cannot find -lcrypto
collect2: error: ld returned 1 exit status
configure:23930: $? = 1
configure: failed program was:
| /* confdefs.h */
| #define PACKAGE_NAME "curl"
| #define PACKAGE_TARNAME "curl"
| #define PACKAGE_VERSION "-"
| #define PACKAGE_STRING "curl -"
| #define PACKAGE_BUGREPORT "a suitable curl mailing list: https://curl.se/mail/"
| #define PACKAGE_URL ""
| #define PACKAGE "curl"
| #define VERSION "-"
| #define OS "x86_64-pc-linux-gnu"
| #define STDC_HEADERS 1
| #define HAVE_SYS_TYPES_H 1
| #define HAVE_SYS_STAT_H 1
| #define HAVE_STDLIB_H 1
| #define HAVE_STRING_H 1
| #define HAVE_MEMORY_H 1
| #define HAVE_STRINGS_H 1
| #define HAVE_INTTYPES_H 1
| #define HAVE_STDINT_H 1
| #define HAVE_UNISTD_H 1
| #define HAVE_DLFCN_H 1
| #define LT_OBJDIR ".libs/"
| #define CURL_DISABLE_FTP 1
| #define CURL_DISABLE_FILE 1
| #define CURL_DISABLE_LDAP 1
| #define CURL_DISABLE_LDAPS 1
| #define CURL_DISABLE_RTSP 1
| #define CURL_DISABLE_DICT 1
| #define CURL_DISABLE_TELNET 1
| #define CURL_DISABLE_POP3 1
| #define CURL_DISABLE_IMAP 1
| #define CURL_DISABLE_SMB 1
| #define CURL_DISABLE_SMTP 1
| #define CURL_DISABLE_GOPHER 1
| #define TIME_WITH_SYS_TIME 1
| #define HAVE_SYS_TYPES_H 1
| #define HAVE_SYS_TIME_H 1
| #define HAVE_TIME_H 1
| #define HAVE_CLOCK_GETTIME_MONOTONIC 1
| #define HAVE_ZLIB_H 1
| #define HAVE_LIBZ 1
| #define ENABLE_IPV6 1
| #define HAVE_SOCKADDR_IN6_SIN6_SCOPE_ID 1
| #define HAVE_WRITABLE_ARGV 1
| /* end confdefs.h.  */
| 
| 
| #ifdef __cplusplus
| extern "C"
| #endif
| char HMAC_Init_ex ();
| int main (void)
| {
| return HMAC_Init_ex ();
|  ;
|  return 0;
| }
configure:23939: result: no
configure:23948: checking OpenSSL linking with -ldl
configure:23965: gcc -o conftest -Werror-implicit-function-declaration -O2 -Wno-system-headers    -I/workspace/openssl/include -I/workspace/openssl/include/openssl    -L/workspace/openssl/lib conftest.c -lz  -lcrypto -ldl >&5
/usr/bin/ld: cannot find -lcrypto
collect2: error: ld returned 1 exit status
configure:23965: $? = 1
configure: failed program was:
| /* confdefs.h */
| #define PACKAGE_NAME "curl"
| #define PACKAGE_TARNAME "curl"
| #define PACKAGE_VERSION "-"
| #define PACKAGE_STRING "curl -"
| #define PACKAGE_BUGREPORT "a suitable curl mailing list: https://curl.se/mail/"
| #define PACKAGE_URL ""
| #define PACKAGE "curl"
| #define VERSION "-"
| #define OS "x86_64-pc-linux-gnu"
| #define STDC_HEADERS 1
| #define HAVE_SYS_TYPES_H 1
| #define HAVE_SYS_STAT_H 1
| #define HAVE_STDLIB_H 1
| #define HAVE_STRING_H 1
| #define HAVE_MEMORY_H 1
| #define HAVE_STRINGS_H 1
| #define HAVE_INTTYPES_H 1
| #define HAVE_STDINT_H 1
| #define HAVE_UNISTD_H 1
| #define HAVE_DLFCN_H 1
| #define LT_OBJDIR ".libs/"
| #define CURL_DISABLE_FTP 1
| #define CURL_DISABLE_FILE 1
| #define CURL_DISABLE_LDAP 1
| #define CURL_DISABLE_LDAPS 1
| #define CURL_DISABLE_RTSP 1
| #define CURL_DISABLE_DICT 1
| #define CURL_DISABLE_TELNET 1
| #define CURL_DISABLE_POP3 1
| #define CURL_DISABLE_IMAP 1
| #define CURL_DISABLE_SMB 1
| #define CURL_DISABLE_SMTP 1
| #define CURL_DISABLE_GOPHER 1
| #define TIME_WITH_SYS_TIME 1
| #define HAVE_SYS_TYPES_H 1
| #define HAVE_SYS_TIME_H 1
| #define HAVE_TIME_H 1
| #define HAVE_CLOCK_GETTIME_MONOTONIC 1
| #define HAVE_ZLIB_H 1
| #define HAVE_LIBZ 1
| #define ENABLE_IPV6 1
| #define HAVE_SOCKADDR_IN6_SIN6_SCOPE_ID 1
| #define HAVE_WRITABLE_ARGV 1
| /* end confdefs.h.  */
| 
|          #include <openssl/err.h>
| 
| int main (void)
| {
| 
|          ERR_clear_error();
| 
|  ;
|  return 0;
| }
configure:23973: result: no
configure:23976: checking OpenSSL linking with -ldl and -lpthread
configure:23993: gcc -o conftest -Werror-implicit-function-declaration -O2 -Wno-system-headers    -I/workspace/openssl/include -I/workspace/openssl/include/openssl    -L/workspace/openssl/lib conftest.c -lz  -lcrypto -ldl -lpthread >&5
/usr/bin/ld: cannot find -lcrypto
collect2: error: ld returned 1 exit status
configure:23993: $? = 1
configure: failed program was:
| /* confdefs.h */
| #define PACKAGE_NAME "curl"
| #define PACKAGE_TARNAME "curl"
| #define PACKAGE_VERSION "-"
| #define PACKAGE_STRING "curl -"
| #define PACKAGE_BUGREPORT "a suitable curl mailing list: https://curl.se/mail/"
| #define PACKAGE_URL ""
| #define PACKAGE "curl"
| #define VERSION "-"
| #define OS "x86_64-pc-linux-gnu"
| #define STDC_HEADERS 1
| #define HAVE_SYS_TYPES_H 1
| #define HAVE_SYS_STAT_H 1
| #define HAVE_STDLIB_H 1
| #define HAVE_STRING_H 1
| #define HAVE_MEMORY_H 1
| #define HAVE_STRINGS_H 1
| #define HAVE_INTTYPES_H 1
| #define HAVE_STDINT_H 1
| #define HAVE_UNISTD_H 1
| #define HAVE_DLFCN_H 1
| #define LT_OBJDIR ".libs/"
| #define CURL_DISABLE_FTP 1
| #define CURL_DISABLE_FILE 1
| #define CURL_DISABLE_LDAP 1
| #define CURL_DISABLE_LDAPS 1
| #define CURL_DISABLE_RTSP 1
| #define CURL_DISABLE_DICT 1
| #define CURL_DISABLE_TELNET 1
| #define CURL_DISABLE_POP3 1
| #define CURL_DISABLE_IMAP 1
| #define CURL_DISABLE_SMB 1
| #define CURL_DISABLE_SMTP 1
| #define CURL_DISABLE_GOPHER 1
| #define TIME_WITH_SYS_TIME 1
| #define HAVE_SYS_TYPES_H 1
| #define HAVE_SYS_TIME_H 1
| #define HAVE_TIME_H 1
| #define HAVE_CLOCK_GETTIME_MONOTONIC 1
| #define HAVE_ZLIB_H 1
| #define HAVE_LIBZ 1
| #define ENABLE_IPV6 1
| #define HAVE_SOCKADDR_IN6_SIN6_SCOPE_ID 1
| #define HAVE_WRITABLE_ARGV 1
| /* end confdefs.h.  */
| 
|            #include <openssl/err.h>
| 
| int main (void)
| {
| 
|            ERR_clear_error();
| 
|  ;
|  return 0;
| }
configure:24001: result: no
configure:24994: OPT_SSL: /workspace/openssl
configure:24996: OPENSSL_ENABLED: 
configure:24998: error: --with-ssl was given but OpenSSL could not be detected

## ---------------- ##
## Cache variables. ##
## ---------------- ##

ac_cv_build=x86_64-pc-linux-gnu
ac_cv_c_compiler_gnu=yes
ac_cv_c_inline=inline
ac_cv_env_CC_set=
ac_cv_env_CC_value=
ac_cv_env_CFLAGS_set=
ac_cv_env_CFLAGS_value=
ac_cv_env_CPPFLAGS_set=
ac_cv_env_CPPFLAGS_value=
ac_cv_env_CPP_set=
ac_cv_env_CPP_value=
ac_cv_env_LDFLAGS_set=
ac_cv_env_LDFLAGS_value=
ac_cv_env_LIBS_set=
ac_cv_env_LIBS_value=
ac_cv_env_LT_SYS_LIBRARY_PATH_set=
ac_cv_env_LT_SYS_LIBRARY_PATH_value=
ac_cv_env_build_alias_set=
ac_cv_env_build_alias_value=
ac_cv_env_host_alias_set=
ac_cv_env_host_alias_value=
ac_cv_env_target_alias_set=
ac_cv_env_target_alias_value=
ac_cv_func_RAND_egd=no
ac_cv_func_gethostbyname=yes
ac_cv_header_brotli_decode_h=no
ac_cv_header_dlfcn_h=yes
ac_cv_header_inttypes_h=yes
ac_cv_header_memory_h=yes
ac_cv_header_proto_bsdsocket_h=no
ac_cv_header_stdc=yes
ac_cv_header_stdint_h=yes
ac_cv_header_stdlib_h=yes
ac_cv_header_string_h=yes
ac_cv_header_strings_h=yes
ac_cv_header_sys_stat_h=yes
ac_cv_header_sys_time_h=yes
ac_cv_header_sys_types_h=yes
ac_cv_header_time=yes
ac_cv_header_time_h=yes
ac_cv_header_unistd_h=yes
ac_cv_header_zlib_h=yes
ac_cv_header_zstd_h=no
ac_cv_host=x86_64-pc-linux-gnu
ac_cv_lib_brotlidec_BrotliDecoderDecompress=no
ac_cv_lib_crypto_HMAC_Init_ex=no
ac_cv_lib_crypto_HMAC_Update=no
ac_cv_lib_zstd_ZSTD_createDStream=no
ac_cv_objext=o
ac_cv_path_EGREP='/bin/grep -E'
ac_cv_path_FGREP='/bin/grep -F'
ac_cv_path_GREP=/bin/grep
ac_cv_path_SED=/bin/sed
ac_cv_path_ac_pt_AR=/usr/bin/ar
ac_cv_path_ac_pt_PKGCONFIG=/usr/bin/pkg-config
ac_cv_path_install='/usr/bin/install -c'
ac_cv_path_lt_DD=/bin/dd
ac_cv_path_mkdir=/bin/mkdir
ac_cv_prog_AWK=gawk
ac_cv_prog_CPP='gcc -E'
ac_cv_prog_ac_ct_CC=gcc
ac_cv_prog_ac_ct_MANIFEST_TOOL=mt
ac_cv_prog_ac_ct_OBJDUMP=objdump
ac_cv_prog_ac_ct_RANLIB=ranlib
ac_cv_prog_ac_ct_STRIP=strip
ac_cv_prog_cc_c89=
ac_cv_prog_cc_g=yes
ac_cv_prog_make_make_set=yes
ac_cv_sys_file_offset_bits=no
ac_cv_sys_largefile_CC=no
am_cv_CC_dependencies_compiler_type=gcc3
am_cv_make_support_nested_variables=yes
am_cv_prog_cc_c_o=yes
curl_cv_def___GNUC__=6
curl_cv_gclk_LIBS=
curl_cv_have_def__COMPILER_VERSION=no
curl_cv_have_def__SGI_COMPILER_VERSION=no
curl_cv_have_def__WIN32=no
curl_cv_have_def___DECC=no
curl_cv_have_def___DECC_VER=no
curl_cv_have_def___GNUC__=yes
curl_cv_have_def___HP_cc=no
curl_cv_have_def___IBMC__=no
curl_cv_have_def___INTEL_COMPILER=no
curl_cv_have_def___LCC__=no
curl_cv_have_def___SUNPRO_C=no
curl_cv_have_def___TINYC__=no
curl_cv_have_def___WATCOMC__=no
curl_cv_have_def___clang__=no
curl_cv_have_def___sgi=no
curl_cv_header_winber_h=no
curl_cv_header_windows_h=no
curl_cv_header_winldap_h=no
curl_cv_header_winsock2_h=no
curl_cv_header_winsock_h=no
curl_cv_header_ws2tcpip_h=no
curl_cv_native_windows=no
curl_cv_save_LIBS=
curl_cv_writable_argv=yes
lt_cv_ar_at_file=@
lt_cv_deplibs_check_method=pass_all
lt_cv_file_magic_cmd='$MAGIC_CMD'
lt_cv_file_magic_test_file=
lt_cv_ld_reload_flag=-r
lt_cv_nm_interface='BSD nm'
lt_cv_objdir=.libs
lt_cv_path_LD=/usr/bin/ld
lt_cv_path_NM='/usr/bin/nm -B'
lt_cv_path_mainfest_tool=no
lt_cv_prog_compiler_c_o=yes
lt_cv_prog_compiler_pic='-fPIC -DPIC'
lt_cv_prog_compiler_pic_works=yes
lt_cv_prog_compiler_rtti_exceptions=no
lt_cv_prog_compiler_static_works=yes
lt_cv_prog_gnu_ld=yes
lt_cv_sharedlib_from_linklib_cmd='printf %s\n'
lt_cv_shlibpath_overrides_runpath=yes
lt_cv_sys_global_symbol_pipe='sed -n -e '\''s/^.*[	 ]\([ABCDGIRSTW][ABCDGIRSTW]*\)[	 ][	 ]*\([_A-Za-z][_A-Za-z0-9]*\)$/\1 \2 \2/p'\'' | sed '\''/ __gnu_lto/d'\'''
lt_cv_sys_global_symbol_to_c_name_address='sed -n -e '\''s/^: \(.*\) .*$/  {"\1", (void *) 0},/p'\'' -e '\''s/^[ABCDGIRSTW][ABCDGIRSTW]* .* \(.*\)$/  {"\1", (void *) \&\1},/p'\'''
lt_cv_sys_global_symbol_to_c_name_address_lib_prefix='sed -n -e '\''s/^: \(.*\) .*$/  {"\1", (void *) 0},/p'\'' -e '\''s/^[ABCDGIRSTW][ABCDGIRSTW]* .* \(lib.*\)$/  {"\1", (void *) \&\1},/p'\'' -e '\''s/^[ABCDGIRSTW][ABCDGIRSTW]* .* \(.*\)$/  {"lib\1", (void *) \&\1},/p'\'''
lt_cv_sys_global_symbol_to_cdecl='sed -n -e '\''s/^T .* \(.*\)$/extern int \1();/p'\'' -e '\''s/^[ABCDGIRSTW][ABCDGIRSTW]* .* \(.*\)$/extern char \1;/p'\'''
lt_cv_sys_global_symbol_to_import=
lt_cv_sys_max_cmd_len=1572864
lt_cv_to_host_file_cmd=func_convert_file_noop
lt_cv_to_tool_file_cmd=func_convert_file_noop
lt_cv_truncate_bin='/bin/dd bs=4096 count=1'

## ----------------- ##
## Output variables. ##
## ----------------- ##

ACLOCAL='${SHELL} '\''/workspace/curl-7.74.0/missing'\'' aclocal-1.16'
AMDEPBACKSLASH='\'
AMDEP_FALSE='#'
AMDEP_TRUE=''
AMTAR='$${TAR-tar}'
AM_BACKSLASH='\'
AM_DEFAULT_V='$(AM_DEFAULT_VERBOSITY)'
AM_DEFAULT_VERBOSITY='0'
AM_V='$(V)'
AR='/usr/bin/ar'
AR_FLAGS='cr'
AS='as'
AUTOCONF='${SHELL} '\''/workspace/curl-7.74.0/missing'\'' autoconf'
AUTOHEADER='${SHELL} '\''/workspace/curl-7.74.0/missing'\'' autoheader'
AUTOMAKE='${SHELL} '\''/workspace/curl-7.74.0/missing'\'' automake-1.16'
AWK='gawk'
BLANK_AT_MAKETIME=''
BUILD_LIBHOSTNAME_FALSE=''
BUILD_LIBHOSTNAME_TRUE=''
BUILD_STUB_GSS_FALSE=''
BUILD_STUB_GSS_TRUE='#'
BUILD_UNITTESTS_FALSE=''
BUILD_UNITTESTS_TRUE='#'
CC='gcc'
CCDEPMODE='depmode=gcc3'
CFLAGS='-Werror-implicit-function-declaration -O2 -Wno-system-headers'
CFLAG_CURL_SYMBOL_HIDING=''
CONFIGURE_OPTIONS='" '\''ac_cv_func_RAND_egd=no'\'' '\''--disable-shared'\'' '\''--enable-static'\'' '\''--disable-ldap'\'' '\''--disable-sspi'\'' '\''--without-librtmp'\'' '\''--disable-ftp'\'' '\''--disable-file'\'' '\''--disable-dict'\'' '\''--disable-telnet'\'' '\''--disable-rtsp'\'' '\''--disable-pop3'\'' '\''--disable-imap'\'' '\''--disable-smtp'\'' '\''--disable-gopher'\'' '\''--disable-smb'\'' '\''--without-libidn'\'' '\''--with-ssl=/workspace/openssl'\''"'
CPP='gcc -E'
CPPFLAGS='  '
CPPFLAG_CURL_STATICLIB='-DCURL_STATICLIB'
CROSSCOMPILING_FALSE=''
CROSSCOMPILING_TRUE=''
CURLDEBUG_FALSE=''
CURLDEBUG_TRUE='#'
CURLVERSION='7.74.0'
CURL_CA_BUNDLE=''
CURL_CFLAG_EXTRAS=''
CURL_DISABLE_DICT='1'
CURL_DISABLE_FILE='1'
CURL_DISABLE_FTP='1'
CURL_DISABLE_GOPHER='1'
CURL_DISABLE_HTTP=''
CURL_DISABLE_IMAP='1'
CURL_DISABLE_LDAP='1'
CURL_DISABLE_LDAPS='1'
CURL_DISABLE_MQTT=''
CURL_DISABLE_POP3='1'
CURL_DISABLE_PROXY=''
CURL_DISABLE_RTSP='1'
CURL_DISABLE_SMB='1'
CURL_DISABLE_SMTP='1'
CURL_DISABLE_TELNET='1'
CURL_DISABLE_TFTP=''
CURL_LT_SHLIB_USE_MIMPURE_TEXT_FALSE=''
CURL_LT_SHLIB_USE_MIMPURE_TEXT_TRUE='#'
CURL_LT_SHLIB_USE_NO_UNDEFINED_FALSE=''
CURL_LT_SHLIB_USE_NO_UNDEFINED_TRUE='#'
CURL_LT_SHLIB_USE_VERSIONED_SYMBOLS_FALSE=''
CURL_LT_SHLIB_USE_VERSIONED_SYMBOLS_TRUE=''
CURL_LT_SHLIB_USE_VERSION_INFO_FALSE='#'
CURL_LT_SHLIB_USE_VERSION_INFO_TRUE=''
CURL_LT_SHLIB_VERSIONED_FLAVOUR=''
CURL_NETWORK_AND_TIME_LIBS=''
CURL_NETWORK_LIBS=''
CURL_WITH_MULTI_SSL=''
CYGPATH_W='echo'
DEFAULT_SSL_BACKEND='no'
DEFS=''
DEPDIR='.deps'
DLLTOOL='false'
DOING_CURL_SYMBOL_HIDING_FALSE=''
DOING_CURL_SYMBOL_HIDING_TRUE=''
DOING_NATIVE_WINDOWS_FALSE=''
DOING_NATIVE_WINDOWS_TRUE='#'
DSYMUTIL=''
DUMPBIN=''
ECHO_C=''
ECHO_N='-n'
ECHO_T=''
EGREP='/bin/grep -E'
ENABLE_SHARED=''
ENABLE_STATIC=''
EXEEXT=''
FGREP='/bin/grep -F'
FISH_FUNCTIONS_DIR=''
GCOV=''
GREP='/bin/grep'
HAVE_BROTLI=''
HAVE_GNUTLS_SRP=''
HAVE_LDAP_SSL=''
HAVE_LIBZ='1'
HAVE_LIBZ_FALSE='#'
HAVE_LIBZ_TRUE=''
HAVE_OPENSSL_SRP=''
HAVE_PROTO_BSDSOCKET_H=''
HAVE_ZSTD=''
IDN_ENABLED=''
INSTALL_DATA='${INSTALL} -m 644'
INSTALL_PROGRAM='${INSTALL}'
INSTALL_SCRIPT='${INSTALL}'
INSTALL_STRIP_PROGRAM='$(install_sh) -c -s'
IPV6_ENABLED='1'
LCOV=''
LD='/usr/bin/ld -m elf_x86_64'
LDFLAGS='  '
LIBCURL_LIBS=''
LIBCURL_NO_SHARED=''
LIBMETALINK_CPPFLAGS=''
LIBMETALINK_LDFLAGS=''
LIBMETALINK_LIBS=''
LIBOBJS=''
LIBS='-lz '
LIBTOOL='$(SHELL) $(top_builddir)/libtool'
LIPO=''
LN_S='ln -s'
LTLIBOBJS=''
LT_SYS_LIBRARY_PATH=''
MAINT='#'
MAINTAINER_MODE_FALSE=''
MAINTAINER_MODE_TRUE='#'
MAKEINFO='${SHELL} '\''/workspace/curl-7.74.0/missing'\'' makeinfo'
MANIFEST_TOOL=':'
MANOPT=''
MKDIR_P='/bin/mkdir -p'
NM='/usr/bin/nm -B'
NMEDIT=''
NROFF=''
NSS_LIBS=''
OBJDUMP='objdump'
OBJEXT='o'
OTOOL64=''
OTOOL=''
PACKAGE='curl'
PACKAGE_BUGREPORT='a suitable curl mailing list: https://curl.se/mail/'
PACKAGE_NAME='curl'
PACKAGE_STRING='curl -'
PACKAGE_TARNAME='curl'
PACKAGE_URL=''
PACKAGE_VERSION='-'
PATH_SEPARATOR=':'
PERL=''
PKGADD_NAME='curl - a client that groks URLs'
PKGADD_PKG='HAXXcurl'
PKGADD_VENDOR='curl.se'
PKGCONFIG='/usr/bin/pkg-config'
RANDOM_FILE=''
RANLIB='ranlib'
REQUIRE_LIB_DEPS='yes'
SED='/bin/sed'
SET_MAKE=''
SHELL='/bin/bash'
SSL_BACKENDS=''
SSL_ENABLED=''
SSL_LIBS=''
STRIP='strip'
SUPPORT_FEATURES=''
SUPPORT_PROTOCOLS=''
USE_ARES=''
USE_BEARSSL=''
USE_CPPFLAG_CURL_STATICLIB_FALSE='#'
USE_CPPFLAG_CURL_STATICLIB_TRUE=''
USE_EMBEDDED_ARES_FALSE=''
USE_EMBEDDED_ARES_TRUE=''
USE_EXPLICIT_LIB_DEPS_FALSE='#'
USE_EXPLICIT_LIB_DEPS_TRUE=''
USE_GNUTLS=''
USE_GNUTLS_NETTLE=''
USE_LIBPSL_FALSE=''
USE_LIBPSL_TRUE=''
USE_LIBRTMP=''
USE_LIBSSH2=''
USE_LIBSSH=''
USE_MANUAL_FALSE=''
USE_MANUAL_TRUE=''
USE_MBEDTLS=''
USE_MESALINK=''
USE_NGHTTP2=''
USE_NGHTTP3=''
USE_NGTCP2=''
USE_NGTCP2_CRYPTO_GNUTLS=''
USE_NGTCP2_CRYPTO_OPENSSL=''
USE_NSS=''
USE_OPENLDAP=''
USE_QUICHE=''
USE_SCHANNEL=''
USE_SECTRANSP=''
USE_UNIX_SOCKETS=''
USE_WINDOWS_SSPI=''
USE_WOLFSSH=''
USE_WOLFSSL=''
VERSION='-'
VERSIONNUM='074a00'
ZLIB_LIBS='-lz'
ZSH_FUNCTIONS_DIR=''
ac_ct_AR=''
ac_ct_CC='gcc'
ac_ct_DUMPBIN=''
am__EXEEXT_FALSE=''
am__EXEEXT_TRUE=''
am__fastdepCC_FALSE='#'
am__fastdepCC_TRUE=''
am__include='include'
am__isrc=''
am__leading_dot='.'
am__nodep='_no'
am__quote=''
am__tar='$${TAR-tar} chof - "$$tardir"'
am__untar='$${TAR-tar} xf -'
bindir='${exec_prefix}/bin'
build='x86_64-pc-linux-gnu'
build_alias=''
build_cpu='x86_64'
build_os='linux-gnu'
build_vendor='pc'
datadir='${datarootdir}'
datarootdir='${prefix}/share'
docdir='${datarootdir}/doc/${PACKAGE_TARNAME}'
dvidir='${docdir}'
exec_prefix='NONE'
host='x86_64-pc-linux-gnu'
host_alias=''
host_cpu='x86_64'
host_os='linux-gnu'
host_vendor='pc'
htmldir='${docdir}'
includedir='${prefix}/include'
infodir='${datarootdir}/info'
install_sh='${SHELL} /workspace/curl-7.74.0/install-sh'
libdir='${exec_prefix}/lib'
libexecdir='${exec_prefix}/libexec'
libext='a'
localedir='${datarootdir}/locale'
localstatedir='${prefix}/var'
mandir='${datarootdir}/man'
mkdir_p='$(MKDIR_P)'
oldincludedir='/usr/include'
pdfdir='${docdir}'
prefix='NONE'
program_transform_name='s,x,x,'
psdir='${docdir}'
runstatedir='${localstatedir}/run'
sbindir='${exec_prefix}/sbin'
sharedstatedir='${prefix}/com'
subdirs=''
sysconfdir='${prefix}/etc'
target_alias=''

## ----------- ##
## confdefs.h. ##
## ----------- ##

/* confdefs.h */
#define PACKAGE_NAME "curl"
#define PACKAGE_TARNAME "curl"
#define PACKAGE_VERSION "-"
#define PACKAGE_STRING "curl -"
#define PACKAGE_BUGREPORT "a suitable curl mailing list: https://curl.se/mail/"
#define PACKAGE_URL ""
#define PACKAGE "curl"
#define VERSION "-"
#define OS "x86_64-pc-linux-gnu"
#define STDC_HEADERS 1
#define HAVE_SYS_TYPES_H 1
#define HAVE_SYS_STAT_H 1
#define HAVE_STDLIB_H 1
#define HAVE_STRING_H 1
#define HAVE_MEMORY_H 1
#define HAVE_STRINGS_H 1
#define HAVE_INTTYPES_H 1
#define HAVE_STDINT_H 1
#define HAVE_UNISTD_H 1
#define HAVE_DLFCN_H 1
#define LT_OBJDIR ".libs/"
#define CURL_DISABLE_FTP 1
#define CURL_DISABLE_FILE 1
#define CURL_DISABLE_LDAP 1
#define CURL_DISABLE_LDAPS 1
#define CURL_DISABLE_RTSP 1
#define CURL_DISABLE_DICT 1
#define CURL_DISABLE_TELNET 1
#define CURL_DISABLE_POP3 1
#define CURL_DISABLE_IMAP 1
#define CURL_DISABLE_SMB 1
#define CURL_DISABLE_SMTP 1
#define CURL_DISABLE_GOPHER 1
#define TIME_WITH_SYS_TIME 1
#define HAVE_SYS_TYPES_H 1
#define HAVE_SYS_TIME_H 1
#define HAVE_TIME_H 1
#define HAVE_CLOCK_GETTIME_MONOTONIC 1
#define HAVE_ZLIB_H 1
#define HAVE_LIBZ 1
#define ENABLE_IPV6 1
#define HAVE_SOCKADDR_IN6_SIN6_SCOPE_ID 1
#define HAVE_WRITABLE_ARGV 1

configure: exit 1
